\BOOKMARK [1][-]{section.1}{Introduction}{}% 1
\BOOKMARK [1][-]{section.2}{Background}{}% 2
\BOOKMARK [2][-]{subsection.2.1}{Raster Graphics}{section.2}% 3
\BOOKMARK [2][-]{subsection.2.2}{Vector Graphics}{section.2}% 4
\BOOKMARK [2][-]{subsection.2.3}{Image Compression}{section.2}% 5
\BOOKMARK [2][-]{subsection.2.4}{Video Graphics}{section.2}% 6
\BOOKMARK [2][-]{subsection.2.5}{Toolchain}{section.2}% 7
\BOOKMARK [1][-]{section.3}{Related Work}{}% 8
\BOOKMARK [2][-]{subsection.3.1}{Current Research}{section.3}% 9
\BOOKMARK [2][-]{subsection.3.2}{Current Applications}{section.3}% 10
\BOOKMARK [2][-]{subsection.3.3}{Limitations}{section.3}% 11
\BOOKMARK [1][-]{section.4}{Implementation}{}% 12
\BOOKMARK [2][-]{subsection.4.1}{Pipeline}{section.4}% 13
\BOOKMARK [3][-]{subsubsection.4.1.1}{Input}{subsection.4.1}% 14
\BOOKMARK [3][-]{subsubsection.4.1.2}{Frame Extraction}{subsection.4.1}% 15
\BOOKMARK [3][-]{subsubsection.4.1.3}{Vectorization}{subsection.4.1}% 16
\BOOKMARK [3][-]{subsubsection.4.1.4}{Frame Merging}{subsection.4.1}% 17
\BOOKMARK [3][-]{subsubsection.4.1.5}{Output}{subsection.4.1}% 18
\BOOKMARK [2][-]{subsection.4.2}{Vectorization Methods}{section.4}% 19
\BOOKMARK [3][-]{subsubsection.4.2.1}{Color Quantization Approach}{subsection.4.2}% 20
\BOOKMARK [3][-]{subsubsection.4.2.2}{Connected Component Labelling \(CCL\)}{subsection.4.2}% 21
\BOOKMARK [3][-]{subsubsection.4.2.3}{Edge Based CCL Approach}{subsection.4.2}% 22
\BOOKMARK [3][-]{subsubsection.4.2.4}{Pixel Based CCL Approach}{subsection.4.2}% 23
\BOOKMARK [2][-]{subsection.4.3}{Limitations and Drawbacks}{section.4}% 24
\BOOKMARK [1][-]{section.5}{Software Engineering}{}% 25
\BOOKMARK [2][-]{subsection.5.1}{Methodology}{section.5}% 26
\BOOKMARK [2][-]{subsection.5.2}{Schedule}{section.5}% 27
\BOOKMARK [2][-]{subsection.5.3}{Risks}{section.5}% 28
\BOOKMARK [2][-]{subsection.5.4}{Testing}{section.5}% 29
\BOOKMARK [3][-]{subsubsection.5.4.1}{Unit Testing}{subsection.5.4}% 30
\BOOKMARK [3][-]{subsubsection.5.4.2}{Integration Testing}{subsection.5.4}% 31
\BOOKMARK [3][-]{subsubsection.5.4.3}{Acceptance Testing}{subsection.5.4}% 32
\BOOKMARK [1][-]{section.6}{Evaluation}{}% 33
\BOOKMARK [2][-]{subsection.6.1}{Accuracy}{section.6}% 34
\BOOKMARK [2][-]{subsection.6.2}{Compression}{section.6}% 35
\BOOKMARK [1][-]{section.7}{Results}{}% 36
\BOOKMARK [1][-]{section.8}{Challenges}{}% 37
\BOOKMARK [2][-]{subsection.8.1}{Toolchain}{section.8}% 38
\BOOKMARK [3][-]{subsubsection.8.1.1}{JavaScript}{subsection.8.1}% 39
\BOOKMARK [3][-]{subsubsection.8.1.2}{Concurrency}{subsection.8.1}% 40
\BOOKMARK [2][-]{subsection.8.2}{Performance}{section.8}% 41
\BOOKMARK [3][-]{subsubsection.8.2.1}{Hardware Utilization}{subsection.8.2}% 42
\BOOKMARK [3][-]{subsubsection.8.2.2}{GPU Programming}{subsection.8.2}% 43
\BOOKMARK [2][-]{subsection.8.3}{Minimizing Human Input}{section.8}% 44
\BOOKMARK [1][-]{section.9}{Reflection}{}% 45
\BOOKMARK [1][-]{section.10}{Future Work}{}% 46
\BOOKMARK [2][-]{subsection.10.1}{Concurrency}{section.10}% 47
\BOOKMARK [2][-]{subsection.10.2}{Future Research}{section.10}% 48
\BOOKMARK [1][-]{section.11}{Conclusion}{}% 49
